{
  "RSpec": {
    "coverage": {
      "/Users/m/Projects/chatter/app/helpers/application_helper.rb": {
        "lines": [
          null,
          null,
          1,
          null
        ]
      },
      "/Users/m/Projects/chatter/app/helpers/noise_helper.rb": {
        "lines": [
          null,
          null,
          1,
          null
        ]
      },
      "/Users/m/Projects/chatter/app/models/noise.rb": {
        "lines": [
          null,
          null,
          1,
          null
        ]
      },
      "/Users/m/Projects/chatter/app/models/application_record.rb": {
        "lines": [
          null,
          null,
          1,
          1,
          null
        ]
      },
      "/Users/m/Projects/chatter/app/controllers/noises_controller.rb": {
        "lines": [
          null,
          null,
          1,
          1,
          6,
          null,
          null,
          1,
          0,
          null,
          null,
          1,
          null,
          1,
          4,
          4,
          null,
          4,
          null,
          null,
          1,
          null,
          1,
          null,
          1,
          4,
          null,
          null
        ]
      },
      "/Users/m/Projects/chatter/app/controllers/application_controller.rb": {
        "lines": [
          null,
          null,
          1,
          null
        ]
      },
      "/Users/m/Projects/chatter/app/channels/application_cable/channel.rb": {
        "lines": [
          null,
          null,
          0,
          0,
          0,
          0
        ],
        "branches": {
        }
      },
      "/Users/m/Projects/chatter/app/channels/application_cable/connection.rb": {
        "lines": [
          null,
          null,
          0,
          0,
          0,
          0
        ],
        "branches": {
        }
      },
      "/Users/m/Projects/chatter/app/jobs/application_job.rb": {
        "lines": [
          null,
          null,
          0,
          null,
          null,
          null,
          null,
          null,
          0
        ],
        "branches": {
        }
      },
      "/Users/m/Projects/chatter/app/mailers/application_mailer.rb": {
        "lines": [
          null,
          null,
          0,
          0,
          0,
          0
        ],
        "branches": {
        }
      }
    },
    "timestamp": 1638268395
  }
}
